==============================================================================
DataDrivenTestCases                                                           
==============================================================================
DataDrivenTestCases.DDTusingExcel                                             
==============================================================================
LoginTestUsingExcel using                                             | PASS |
------------------------------------------------------------------------------
LoginTestUsingExcel using                                             | PASS |
------------------------------------------------------------------------------
LoginTestUsingExcel using                                             | PASS |
------------------------------------------------------------------------------
LoginTestUsingExcel using                                             | PASS |
------------------------------------------------------------------------------
DataDrivenTestCases.DDTusingExcel                                     | PASS |
4 tests, 4 passed, 0 failed
==============================================================================
DataDrivenTestCases                                                   | PASS |
4 tests, 4 passed, 0 failed
==============================================================================
Output:  C:\Users\Anand\RobertFrameworkpython\Results\pabot_results\1\output.xml
