==============================================================================
DataDrivenTestCases                                                           
==============================================================================
DataDrivenTestCases.DatadrivenTest1                                           
==============================================================================
Correct user empty pass                                               | PASS |
------------------------------------------------------------------------------
Correct user wrong pass                                               | PASS |
------------------------------------------------------------------------------
Wrong user right pass                                                 | PASS |
------------------------------------------------------------------------------
Wrong user empty pass                                                 | PASS |
------------------------------------------------------------------------------
Wrong user wrong pass                                                 | PASS |
------------------------------------------------------------------------------
DataDrivenTestCases.DatadrivenTest1                                   | PASS |
5 tests, 5 passed, 0 failed
==============================================================================
DataDrivenTestCases                                                   | PASS |
5 tests, 5 passed, 0 failed
==============================================================================
Output:  C:\Users\Anand\RobertFrameworkpython\pabot_results\2\output.xml
