1716116578156	geckodriver	INFO	Listening on 127.0.0.1:59891
1716116581242	mozrunner::runner	INFO	Running command: "C:\\Users\\Anand\\.cache\\selenium\\firefox\\win64\\126.0\\firefox.exe" "--marionette" "--remote-debugging- ... 2" "--remote-allow-hosts" "localhost" "-no-remote" "-profile" "C:\\Users\\Anand\\AppData\\Local\\Temp\\rust_mozprofileOxBofm"
console.warn: services.settings: Ignoring preference override of remote settings server
console.warn: services.settings: Allow by setting MOZ_REMOTE_SETTINGS_DEVTOOLS=1 in the environment
Dynamically enable window occlusion 0
1716116581679	Marionette	INFO	Marionette enabled
1716116581802	Marionette	INFO	Listening on port 59905
WebDriver BiDi listening on ws://127.0.0.1:59892
Read port: 59905
1716116582026	RemoteAgent	WARN	TLS certificate errors will be ignored for this session
DevTools listening on ws://127.0.0.1:59892/devtools/browser/c0da9df6-3b77-4a9f-8da5-ce9541271062
JavaScript warning: https://pagead2.googlesyndication.com/bg/xjhP1ZZuKGHO2MkN5-NpKnD2PsyBoLvUaPEUlRzCpD8.js line 2 > eval line 1475 > eval line 1 > eval line 1 > eval, line 1: WEBGL_debug_renderer_info is deprecated in Firefox and will be removed. Please use RENDERER.
JavaScript warning: https://pagead2.googlesyndication.com/bg/xjhP1ZZuKGHO2MkN5-NpKnD2PsyBoLvUaPEUlRzCpD8.js line 2 > eval line 561 > eval line 1 > eval line 1 > eval, line 1: WEBGL_debug_renderer_info is deprecated in Firefox and will be removed. Please use RENDERER.
1716116611834	addons.xpi	ERROR	System addon update list error SyntaxError: XMLHttpRequest.open: 'http://%(server)s/dummy-system-addons.xml' is not a valid URL.
JavaScript warning: https://www.googletagmanager.com/gtag/js?id=G-STHL8RV4RK&l=dataLayer&cx=c, line 302: Script terminated by timeout at:
U@https://www.googletagmanager.com/gtag/js?id=G-STHL8RV4RK&l=dataLayer&cx=c:302:586
Cq.prototype.copyToHitData@https://www.googletagmanager.com/gtag/js?id=G-STHL8RV4RK&l=dataLayer&cx=c:381:596
aa.Fm@https://www.googletagmanager.com/gtag/js?id=G-STHL8RV4RK&l=dataLayer&cx=c:550:20
aa.Em/</<@https://www.googletagmanager.com/gtag/js?id=G-STHL8RV4RK&l=dataLayer&cx=c:540:218
Ml@https://www.googletagmanager.com/gtag/js?id=G-STHL8RV4RK&l=dataLayer&cx=c:293:371
Xl@https://www.googletagmanager.com/gtag/js?id=G-STHL8RV4RK&l=dataLayer&cx=c:296:392
aa.Em/<@https://www.googletagmanager.com/gtag/js?id=G-STHL8RV4RK&l=dataLayer&cx=c:540:204
c@https://www.googletagmanager.com/gtag/js?id=G-STHL8RV4RK&l=dataLayer&cx=c:412:169
rt@https://www.googletagmanager.com/gtag/js?id=G-STHL8RV4RK&l=dataLayer&cx=c:413:269
aa.Em@https://www.googletagmanager.com/gtag/js?id=G-STHL8RV4RK&l=dataLayer&cx=c:540:190
c@https://www.googletagmanager.com/gtag/js?id=G-STHL8RV4RK&l=dataLayer&cx=c:561:675
Um@https://www.googletagmanager.com/gtag/js?id=G-STHL8RV4RK&l=dataLayer&cx=c:307:298
Tm.prototype.flush@https://www.googletagmanager.com/gtag/js?id=G-STHL8RV4RK&l=dataLayer&cx=c:310:278
Tm.prototype.push@https://www.googletagmanager.com/gtag/js?id=G-STHL8RV4RK&l=dataLayer&cx=c:308:207
Mm@https://www.googletagmanager.com/gtag/js?id=G-STHL8RV4RK&l=dataLayer&cx=c:305:770
xG/<@https://www.googletagmanager.com/gtag/js?id=G-STHL8RV4RK&l=dataLayer&cx=c:562:178
aa.Ok/<@https://www.googletagmanager.com/gtag/js?id=G-STHL8RV4RK&l=dataLayer&cx=c:510:126
aa.Ok/c/<@https://www.googletagmanager.com/gtag/js?id=G-STHL8RV4RK&l=dataLayer&cx=c:509:420
invokeTask@https://letcode.in/polyfills.1aefc75bf7d5acb269d2.js:1:8497
runTask@https://letcode.in/polyfills.1aefc75bf7d5acb269d2.js:1:3906
invokeTask@https://letcode.in/polyfills.1aefc75bf7d5acb269d2.js:1:9547
p@https://letcode.in/polyfills.1aefc75bf7d5acb269d2.js:1:21830
f@https://letcode.in/polyfills.1aefc75bf7d5acb269d2.js:1:22076

1716118113967	Marionette	INFO	Stopped listening on port 59905
Dynamically enable window occlusion 1
!!! error running onStopped callback: TypeError: callback is not a function
