1716105084916	geckodriver	INFO	Listening on 127.0.0.1:60294
1716105088081	mozrunner::runner	INFO	Running command: "C:\\Users\\Anand\\.cache\\selenium\\firefox\\win64\\126.0\\firefox.exe" "--marionette" "--remote-debugging- ... 5" "--remote-allow-hosts" "localhost" "-no-remote" "-profile" "C:\\Users\\Anand\\AppData\\Local\\Temp\\rust_mozprofilevRelH6"
console.warn: services.settings: Ignoring preference override of remote settings server
console.warn: services.settings: Allow by setting MOZ_REMOTE_SETTINGS_DEVTOOLS=1 in the environment
Dynamically enable window occlusion 0
1716105088627	Marionette	INFO	Marionette enabled
1716105088743	Marionette	INFO	Listening on port 60307
WebDriver BiDi listening on ws://127.0.0.1:60295
Read port: 60307
1716105088964	RemoteAgent	WARN	TLS certificate errors will be ignored for this session
DevTools listening on ws://127.0.0.1:60295/devtools/browser/722f3d57-fb34-4c37-8698-9a9b73beaa83
1716105093593	Marionette	WARN	TimedPromise timed out after 500 ms: stacktrace:
TimedPromise/<@chrome://remote/content/marionette/sync.sys.mjs:219:24
TimedPromise@chrome://remote/content/marionette/sync.sys.mjs:203:10
interaction.flushEventLoop@chrome://remote/content/marionette/interaction.sys.mjs:468:10
webdriverClickElement@chrome://remote/content/marionette/interaction.sys.mjs:219:33
1716105119354	addons.xpi	ERROR	System addon update list error SyntaxError: XMLHttpRequest.open: 'http://%(server)s/dummy-system-addons.xml' is not a valid URL.
JavaScript warning: https://demo.seleniumeasy.com/js/jquery.js, line 4: Script terminated by timeout at:
hasClass@https://demo.seleniumeasy.com/js/jquery.js:4:14825
c/<@https://demo.seleniumeasy.com/js/bootstrap.min.js:6:11682
each@https://demo.seleniumeasy.com/js/jquery.js:2:2973
each@https://demo.seleniumeasy.com/js/jquery.js:2:835
c@https://demo.seleniumeasy.com/js/bootstrap.min.js:6:11620
dispatch@https://demo.seleniumeasy.com/js/jquery.js:3:8436
add/r.handle@https://demo.seleniumeasy.com/js/jquery.js:3:5139

JavaScript error: resource://gre/modules/Prompter.sys.mjs, line 1212: NS_ERROR_NOT_AVAILABLE: prompt aborted by user
1716105234003	Marionette	INFO	Stopped listening on port 60307
Dynamically enable window occlusion 1
