1716112881366	geckodriver	INFO	Listening on 127.0.0.1:63250
1716112884477	mozrunner::runner	INFO	Running command: "C:\\Users\\Anand\\.cache\\selenium\\firefox\\win64\\126.0\\firefox.exe" "--marionette" "--remote-debugging- ... 1" "--remote-allow-hosts" "localhost" "-no-remote" "-profile" "C:\\Users\\Anand\\AppData\\Local\\Temp\\rust_mozprofileFQjOG4"
console.warn: services.settings: Ignoring preference override of remote settings server
console.warn: services.settings: Allow by setting MOZ_REMOTE_SETTINGS_DEVTOOLS=1 in the environment
Dynamically enable window occlusion 0
1716112884899	Marionette	INFO	Marionette enabled
1716112885013	Marionette	INFO	Listening on port 63260
WebDriver BiDi listening on ws://127.0.0.1:63251
Read port: 63260
1716112885231	RemoteAgent	WARN	TLS certificate errors will be ignored for this session
DevTools listening on ws://127.0.0.1:63251/devtools/browser/611d05aa-68bf-4d87-9683-405ec37d56f3
JavaScript error: https://fundingchoicesmessages.google.com/i/pub-6251538267574677?ers=1, line 443: TypeError: __googlefc.fcKernelManager is undefined
JavaScript error: https://fundingchoicesmessages.google.com/i/pub-6251538267574677?ers=1, line 443: TypeError: __googlefc.fcKernelManager is undefined
JavaScript warning: https://pagead2.googlesyndication.com/bg/KIlBSkU31qDrTOGEEdbu4Jd3Q1as5fnUZJOm3lcT5kM.js line 2 > eval line 3129 > eval line 1 > eval line 1 > eval, line 1: WEBGL_debug_renderer_info is deprecated in Firefox and will be removed. Please use RENDERER.
1716112914948	addons.xpi	ERROR	System addon update list error SyntaxError: XMLHttpRequest.open: 'http://%(server)s/dummy-system-addons.xml' is not a valid URL.
JavaScript warning: https://letcode.in/polyfills.1aefc75bf7d5acb269d2.js, line 1: Script terminated by timeout at:
p@https://letcode.in/polyfills.1aefc75bf7d5acb269d2.js:1:21697
f@https://letcode.in/polyfills.1aefc75bf7d5acb269d2.js:1:22155

1716113027234	Marionette	INFO	Stopped listening on port 63260
Dynamically enable window occlusion 1
!!! error running onStopped callback: TypeError: callback is not a function
JavaScript error: , line 0: TypeError: NetworkError when attempting to fetch resource.
