1716113096730	geckodriver	INFO	Listening on 127.0.0.1:63502
1716113099848	mozrunner::runner	INFO	Running command: "C:\\Users\\Anand\\.cache\\selenium\\firefox\\win64\\126.0\\firefox.exe" "--marionette" "--remote-debugging- ... 3" "--remote-allow-hosts" "localhost" "-no-remote" "-profile" "C:\\Users\\Anand\\AppData\\Local\\Temp\\rust_mozprofileXN81FX"
console.warn: services.settings: Ignoring preference override of remote settings server
console.warn: services.settings: Allow by setting MOZ_REMOTE_SETTINGS_DEVTOOLS=1 in the environment
Dynamically enable window occlusion 0
1716113100302	Marionette	INFO	Marionette enabled
1716113100415	Marionette	INFO	Listening on port 63511
WebDriver BiDi listening on ws://127.0.0.1:63503
Read port: 63511
1716113100626	RemoteAgent	WARN	TLS certificate errors will be ignored for this session
DevTools listening on ws://127.0.0.1:63503/devtools/browser/ac061851-873d-4ab6-86a2-0af4017516c8
JavaScript error: https://fundingchoicesmessages.google.com/i/pub-6251538267574677?ers=1, line 443: TypeError: __googlefc.fcKernelManager is undefined
JavaScript error: https://fundingchoicesmessages.google.com/i/pub-6251538267574677?ers=1, line 443: TypeError: __googlefc.fcKernelManager is undefined
JavaScript warning: https://pagead2.googlesyndication.com/bg/KIlBSkU31qDrTOGEEdbu4Jd3Q1as5fnUZJOm3lcT5kM.js line 2 > eval line 1671 > eval line 1 > eval line 1 > eval, line 1: WEBGL_debug_renderer_info is deprecated in Firefox and will be removed. Please use RENDERER.
JavaScript warning: https://pagead2.googlesyndication.com/bg/KIlBSkU31qDrTOGEEdbu4Jd3Q1as5fnUZJOm3lcT5kM.js line 2 > eval line 2256 > eval line 1 > eval line 1 > eval, line 1: WEBGL_debug_renderer_info is deprecated in Firefox and will be removed. Please use RENDERER.
1716113130873	addons.xpi	ERROR	System addon update list error SyntaxError: XMLHttpRequest.open: 'http://%(server)s/dummy-system-addons.xml' is not a valid URL.
JavaScript warning: https://www.googletagmanager.com/gtag/js?id=G-STHL8RV4RK&l=dataLayer&cx=c, line 132: Script terminated by timeout at:
l@https://www.googletagmanager.com/gtag/js?id=G-STHL8RV4RK&l=dataLayer&cx=c:132:886
cm@https://www.googletagmanager.com/gtag/js?id=G-STHL8RV4RK&l=dataLayer&cx=c:297:356
Mm@https://www.googletagmanager.com/gtag/js?id=G-STHL8RV4RK&l=dataLayer&cx=c:305:747
xG/<@https://www.googletagmanager.com/gtag/js?id=G-STHL8RV4RK&l=dataLayer&cx=c:562:178
aa.Ok/<@https://www.googletagmanager.com/gtag/js?id=G-STHL8RV4RK&l=dataLayer&cx=c:510:126
aa.Ok/c/<@https://www.googletagmanager.com/gtag/js?id=G-STHL8RV4RK&l=dataLayer&cx=c:509:420
invokeTask@https://letcode.in/polyfills.1aefc75bf7d5acb269d2.js:1:8497
runTask@https://letcode.in/polyfills.1aefc75bf7d5acb269d2.js:1:3906
invokeTask@https://letcode.in/polyfills.1aefc75bf7d5acb269d2.js:1:9547
p@https://letcode.in/polyfills.1aefc75bf7d5acb269d2.js:1:21830
f@https://letcode.in/polyfills.1aefc75bf7d5acb269d2.js:1:22076

1716113847124	Marionette	INFO	Stopped listening on port 63511
Dynamically enable window occlusion 1
!!! error running onStopped callback: TypeError: callback is not a function
